0 info it worked if it ends with ok
1 verbose cli [ '/Users/joshzylstra/.node/bin/node',
1 verbose cli   '/Users/joshzylstra/.node/bin/npm',
1 verbose cli   'install',
1 verbose cli   '-g',
1 verbose cli   'surge' ]
2 info using npm@2.10.1
3 info using node@v0.12.4
4 verbose install initial load of /usr/local/lib/package.json
5 verbose readDependencies loading dependencies from /usr/local/lib/package.json
6 silly cache add args [ 'surge', null ]
7 verbose cache add spec surge
8 silly cache add parsed spec { raw: 'surge',
8 silly cache add   scope: null,
8 silly cache add   name: 'surge',
8 silly cache add   rawSpec: '',
8 silly cache add   spec: '*',
8 silly cache add   type: 'range' }
9 silly addNamed surge@*
10 verbose addNamed "*" is a valid semver range for surge
11 silly addNameRange { name: 'surge', range: '*', hasData: false }
12 silly mapToRegistry name surge
13 silly mapToRegistry using default registry
14 silly mapToRegistry registry https://registry.npmjs.org/
15 silly mapToRegistry uri https://registry.npmjs.org/surge
16 verbose addNameRange registry:https://registry.npmjs.org/surge not in flight; fetching
17 verbose request uri https://registry.npmjs.org/surge
18 verbose request no auth needed
19 info attempt registry request try #1 at 00:16:18
20 verbose request id 82f80c9233adb307
21 verbose etag "1QC2EYC6W34BT5751GI4FTQ8B"
22 http request GET https://registry.npmjs.org/surge
23 http 304 https://registry.npmjs.org/surge
24 silly get cb [ 304,
24 silly get   { date: 'Wed, 06 Jan 2016 08:16:18 GMT',
24 silly get     via: '1.1 varnish',
24 silly get     'cache-control': 'max-age=300',
24 silly get     etag: '"1QC2EYC6W34BT5751GI4FTQ8B"',
24 silly get     age: '0',
24 silly get     connection: 'keep-alive',
24 silly get     'x-served-by': 'cache-lax1432-LAX',
24 silly get     'x-cache': 'HIT',
24 silly get     'x-cache-hits': '1',
24 silly get     'x-timer': 'S1452068178.786935,VS0,VE291',
24 silly get     vary: 'Accept' } ]
25 verbose etag https://registry.npmjs.org/surge from cache
26 verbose get saving surge to /Users/joshzylstra/.npm/registry.npmjs.org/surge/.cache.json
27 silly addNameRange number 2 { name: 'surge', range: '*', hasData: true }
28 silly addNameRange versions [ 'surge',
28 silly addNameRange   [ '0.0.0',
28 silly addNameRange     '0.1.0',
28 silly addNameRange     '0.2.0',
28 silly addNameRange     '0.3.0',
28 silly addNameRange     '0.3.1',
28 silly addNameRange     '0.3.2',
28 silly addNameRange     '0.3.3',
28 silly addNameRange     '0.4.0',
28 silly addNameRange     '0.4.1',
28 silly addNameRange     '0.5.0',
28 silly addNameRange     '0.5.1',
28 silly addNameRange     '0.5.2',
28 silly addNameRange     '0.6.0',
28 silly addNameRange     '0.7.0',
28 silly addNameRange     '0.7.1',
28 silly addNameRange     '0.7.2',
28 silly addNameRange     '0.7.3',
28 silly addNameRange     '0.7.4',
28 silly addNameRange     '0.8.0',
28 silly addNameRange     '0.8.1',
28 silly addNameRange     '0.9.0',
28 silly addNameRange     '0.10.0',
28 silly addNameRange     '0.10.1',
28 silly addNameRange     '0.10.2',
28 silly addNameRange     '0.11.0',
28 silly addNameRange     '0.11.1',
28 silly addNameRange     '0.12.0',
28 silly addNameRange     '0.13.0',
28 silly addNameRange     '0.14.0',
28 silly addNameRange     '0.14.1',
28 silly addNameRange     '0.14.2',
28 silly addNameRange     '0.14.3',
28 silly addNameRange     '0.14.4',
28 silly addNameRange     '0.15.0',
28 silly addNameRange     '0.16.0',
28 silly addNameRange     '0.17.0',
28 silly addNameRange     '0.17.1',
28 silly addNameRange     '0.17.2',
28 silly addNameRange     '0.17.3',
28 silly addNameRange     '0.17.4' ] ]
29 silly addNamed surge@0.17.4
30 verbose addNamed "0.17.4" is a plain semver version for surge
31 silly cache afterAdd surge@0.17.4
32 verbose afterAdd /Users/joshzylstra/.npm/surge/0.17.4/package/package.json not in flight; writing
33 verbose afterAdd /Users/joshzylstra/.npm/surge/0.17.4/package/package.json written
34 silly install resolved [ { name: 'surge',
34 silly install resolved     version: '0.17.4',
34 silly install resolved     description: 'CDN for front-end developers',
34 silly install resolved     author: { name: 'Brock Whitten', email: 'brock@chloi.io' },
34 silly install resolved     bin: { surge: './lib/cli.js' },
34 silly install resolved     dependencies:
34 silly install resolved      { du: '0.1.0',
34 silly install resolved        'fstream-ignore': '1.0.2',
34 silly install resolved        'is-domain': '0.0.1',
34 silly install resolved        moniker: '0.1.2',
34 silly install resolved        netrc: '0.1.4',
34 silly install resolved        prompt: '~0.2.14',
34 silly install resolved        progress: '1.1.8',
34 silly install resolved        request: '2.40.0',
34 silly install resolved        split: '0.3.1',
34 silly install resolved        'surge-ignore': '0.2.0',
34 silly install resolved        tar: '1.0.0',
34 silly install resolved        'tar.gz': '0.1.1',
34 silly install resolved        'url-parse-as-address': '1.0.0',
34 silly install resolved        read: '1.0.5',
34 silly install resolved        minimist: '1.1.1' },
34 silly install resolved     devDependencies: { mocha: '*', nixt: '0.4.1', should: '7.1.0' },
34 silly install resolved     license: 'ISC',
34 silly install resolved     main: './lib/surge.js',
34 silly install resolved     ignore: [ 'test' ],
34 silly install resolved     scripts: { test: 'mocha' },
34 silly install resolved     repository: { type: 'git', url: 'git+https://github.com/sintaxi/surge.git' },
34 silly install resolved     gitHead: '1423e87b50471ad3947ba2970703b4cbc99a232a',
34 silly install resolved     bugs: { url: 'https://github.com/sintaxi/surge/issues' },
34 silly install resolved     homepage: 'https://github.com/sintaxi/surge#readme',
34 silly install resolved     _id: 'surge@0.17.4',
34 silly install resolved     _shasum: '672c8c865a680922f84080704de2e75b6b2f58a9',
34 silly install resolved     _from: 'surge@*',
34 silly install resolved     _npmVersion: '3.5.2',
34 silly install resolved     _nodeVersion: '4.2.3',
34 silly install resolved     _npmUser: { name: 'sintaxi', email: 'brock@sintaxi.com' },
34 silly install resolved     maintainers: [ [Object], [Object] ],
34 silly install resolved     dist:
34 silly install resolved      { shasum: '672c8c865a680922f84080704de2e75b6b2f58a9',
34 silly install resolved        tarball: 'http://registry.npmjs.org/surge/-/surge-0.17.4.tgz' },
34 silly install resolved     directories: {},
34 silly install resolved     _resolved: 'https://registry.npmjs.org/surge/-/surge-0.17.4.tgz',
34 silly install resolved     readme: 'ERROR: No README data found!' } ]
35 info install surge@0.17.4 into /usr/local/lib
36 info installOne surge@0.17.4
37 verbose installOne of surge to /usr/local/lib not in flight; installing
38 verbose lock using /Users/joshzylstra/.npm/_locks/surge-9264acc302f55897.lock for /usr/local/lib/node_modules/surge
39 silly install write writing surge 0.17.4 to /usr/local/lib/node_modules/surge
40 verbose unbuild lib/node_modules/surge
41 silly gentlyRm /usr/local/lib/node_modules/surge is being purged from base /usr/local
42 verbose gentlyRm don't care about contents; nuking /usr/local/lib/node_modules/surge
43 verbose tar unpack /Users/joshzylstra/.npm/surge/0.17.4/package.tgz
44 verbose tar unpacking to /usr/local/lib/node_modules/surge
45 silly gentlyRm /usr/local/lib/node_modules/surge is being purged
46 verbose gentlyRm don't care about contents; nuking /usr/local/lib/node_modules/surge
47 silly gunzTarPerm modes [ '755', '644' ]
48 error tar.unpack untar error /Users/joshzylstra/.npm/surge/0.17.4/package.tgz
49 verbose unlock done using /Users/joshzylstra/.npm/_locks/surge-9264acc302f55897.lock for /usr/local/lib/node_modules/surge
50 verbose fstream_path /usr/local/lib/node_modules/surge
51 verbose fstream_type Directory
52 verbose fstream_class DirWriter
53 verbose stack Error: EACCES, mkdir '/usr/local/lib/node_modules/surge'
53 verbose stack     at Error (native)
54 verbose fstream_stack /Users/joshzylstra/.node/lib/node_modules/npm/node_modules/fstream/lib/dir-writer.js:35:25
54 verbose fstream_stack /Users/joshzylstra/.node/lib/node_modules/npm/node_modules/mkdirp/index.js:47:53
54 verbose fstream_stack FSReqWrap.oncomplete (fs.js:95:15)
55 verbose cwd /Users/joshzylstra/Desktop/2016/iamjosh/iamjosh
56 error Darwin 14.1.0
57 error argv "/Users/joshzylstra/.node/bin/node" "/Users/joshzylstra/.node/bin/npm" "install" "-g" "surge"
58 error node v0.12.4
59 error npm  v2.10.1
60 error path /usr/local/lib/node_modules/surge
61 error code EACCES
62 error errno -13
63 error Error: EACCES, mkdir '/usr/local/lib/node_modules/surge'
63 error     at Error (native)
63 error  { [Error: EACCES, mkdir '/usr/local/lib/node_modules/surge']
63 error   errno: -13,
63 error   code: 'EACCES',
63 error   path: '/usr/local/lib/node_modules/surge',
63 error   fstream_type: 'Directory',
63 error   fstream_path: '/usr/local/lib/node_modules/surge',
63 error   fstream_class: 'DirWriter',
63 error   fstream_stack:
63 error    [ '/Users/joshzylstra/.node/lib/node_modules/npm/node_modules/fstream/lib/dir-writer.js:35:25',
63 error      '/Users/joshzylstra/.node/lib/node_modules/npm/node_modules/mkdirp/index.js:47:53',
63 error      'FSReqWrap.oncomplete (fs.js:95:15)' ] }
64 error Please try running this command again as root/Administrator.
65 verbose exit [ -13, true ]
66 verbose unbuild lib/node_modules/surge
67 silly gentlyRm /usr/local/lib/node_modules/surge is being purged from base /usr/local
68 verbose gentlyRm don't care about contents; nuking /usr/local/lib/node_modules/surge
